<?xml version="1.0" encoding="UTF-8"?>
<testng-results ignored="0" total="2" passed="2" failed="0" skipped="0">
  <reporter-output>
  </reporter-output>
  <suite started-at="2023-03-06T14:20:28 IST" name="Default suite" finished-at="2023-03-06T14:20:28 IST" duration-ms="64">
    <groups>
    </groups>
    <test started-at="2023-03-06T14:20:28 IST" name="Default test" finished-at="2023-03-06T14:20:28 IST" duration-ms="64">
      <class name="Arraylist_java_stream">
        <test-method signature="Unique_number()[pri:0, instance:Arraylist_java_stream@1e04fa0a]" started-at="2023-03-06T14:20:28 IST" name="Unique_number" finished-at="2023-03-06T14:20:28 IST" duration-ms="10" status="PASS">
          <reporter-output>
          </reporter-output>
        </test-method> <!-- Unique_number -->
        <test-method signature="lamda()[pri:0, instance:Arraylist_java_stream@1e04fa0a]" started-at="2023-03-06T14:20:28 IST" name="lamda" finished-at="2023-03-06T14:20:28 IST" duration-ms="9" status="PASS">
          <reporter-output>
          </reporter-output>
        </test-method> <!-- lamda -->
      </class> <!-- Arraylist_java_stream -->
    </test> <!-- Default test -->
  </suite> <!-- Default suite -->
</testng-results>
